07.12.2018 18:45:15	Этот журнал содержит сведения об операции импорта схемы в проект "witchfunc" на компьютере "MSI", выполненной пользователем "PX60".
07.12.2018 18:45:15	Импорт схемы базы данных начат.
07.12.2018 18:45:23	Идет сбор учетных данных для базы данных
07.12.2018 18:45:23	Идет сбор параметров базы данных
07.12.2018 18:45:23	Собирается параметр конфигурации области универсальной базы данных
07.12.2018 18:45:23	Идет сбор пользователей
07.12.2018 18:45:23	Идет сбор ролей
07.12.2018 18:45:23	Идет сбор ролей приложений
07.12.2018 18:45:23	Идет сбор членств ролей
07.12.2018 18:45:23	Идет сбор файловых групп
07.12.2018 18:45:23	Идет сбор полнотекстовых каталогов
07.12.2018 18:45:23	Идет сбор сборок
07.12.2018 18:45:23	Идет сбор сертификатов
07.12.2018 18:45:23	Идет сбор асимметричных ключей
07.12.2018 18:45:23	Идет сбор симметричных ключей
07.12.2018 18:45:23	Идет сбор зашифрованных симметричных ключей
07.12.2018 18:45:23	Идет сбор схем
07.12.2018 18:45:23	Идет сбор коллекции схем XML
07.12.2018 18:45:23	Идет сбор определяемых пользователем типов данных
07.12.2018 18:45:23	Идет сбор определяемых пользователем типов
07.12.2018 18:45:23	Идет сбор табличных типов
07.12.2018 18:45:23	Сбор уникальных ключей для табличных типов
07.12.2018 18:45:23	Идет сбор первичных ключей для табличных типов
07.12.2018 18:45:23	Сбор индексов для табличных типов
07.12.2018 18:45:23	Идет сбор проверочных ограничений для табличных типов
07.12.2018 18:45:23	Идет сбор ограничений по умолчанию для табличных типов
07.12.2018 18:45:23	Идет сбор функций секционирования
07.12.2018 18:45:23	Идет сбор схем секционирования
07.12.2018 18:45:23	Идет сбор функций
07.12.2018 18:45:23	Сбор зашифрованных функций
07.12.2018 18:45:23	Идет сбор статистических выражений
07.12.2018 18:45:23	Идет сбор процедур
07.12.2018 18:45:23	Сбор зашифрованных процедур
07.12.2018 18:45:23	Идет сбор таблиц
07.12.2018 18:45:23	Идет сбор первичных ключей
07.12.2018 18:45:23	Идет сбор ограничений уникальности
07.12.2018 18:45:23	Идет сбор внешних ключей
07.12.2018 18:45:23	Идет сбор ограничений по умолчанию
07.12.2018 18:45:23	Идет сбор проверочных ограничений
07.12.2018 18:45:23	Идет сбор представлений
07.12.2018 18:45:23	Сбор зашифрованных представлений
07.12.2018 18:45:23	Идет сбор индексов
07.12.2018 18:45:23	Идет сбор статистики
07.12.2018 18:45:23	Идет сбор списков стоп-слов полнотекстовых индексов
07.12.2018 18:45:23	Сбор списков свойств поиска
07.12.2018 18:45:23	Сбор свойств поиска
07.12.2018 18:45:23	Идет сбор полнотекстовых индексов
07.12.2018 18:45:23	Сбор индексов хранилища столбцов
07.12.2018 18:45:23	Идет сбор пространственных индексов
07.12.2018 18:45:23	Идет сбор XML-индексов
07.12.2018 18:45:23	Сбор селективных XML-индексов
07.12.2018 18:45:23	Сбор зашифрованных триггеров
07.12.2018 18:45:23	Идет сбор триггеров
07.12.2018 18:45:23	Идет сбор зашифрованных триггеров и триггеров ddl clr
07.12.2018 18:45:23	Идет сбор триггеров ddl
07.12.2018 18:45:23	Идет сбор синонимов
07.12.2018 18:45:23	Идет сбор значений по умолчанию
07.12.2018 18:45:23	Идет сбор привязок uddt ограничений данных
07.12.2018 18:45:23	Идет сбор правил
07.12.2018 18:45:23	Идет сбор привязок uddt ограничений данных
07.12.2018 18:45:23	Идет сбор типов сообщений
07.12.2018 18:45:23	Идет сбор списков ожидания
07.12.2018 18:45:23	Идет сбор контрактов
07.12.2018 18:45:23	Идет сбор служб
07.12.2018 18:45:23	Идет сбор уведомлений о событиях
07.12.2018 18:45:23	Идет сбор привязок удаленных служб
07.12.2018 18:45:23	Идет сбор приоритетов брокера
07.12.2018 18:45:23	Идет сбор подписей
07.12.2018 18:45:23	Идет сбор параметров сжатия данных
07.12.2018 18:45:23	Сбор типов последовательностей
07.12.2018 18:45:23	Идет сбор политик безопасности
07.12.2018 18:45:23	Сбор ключей шифрования столбцов
07.12.2018 18:45:23	Сбор главных ключей столбцов
07.12.2018 18:45:23	Выполняется сбор внешних источников данных
07.12.2018 18:45:23	Выполняется сбор внешних форматов файлов
07.12.2018 18:45:23	Выполняется сбор внешних таблиц
07.12.2018 18:45:23	Идет сбор расширенных свойств
07.12.2018 18:45:23	Идет сбор учетных данных
07.12.2018 18:45:23	Идет сбор имен входа
07.12.2018 18:45:23	Идет сбор аудитов сервера
07.12.2018 18:45:24	Выполняется проверка проекта на наличие повторяющихся элементов
07.12.2018 18:45:24	Обработка повторяющегося элемента завершена
07.12.2018 18:45:25	Импорт базы данных завершен.
07.12.2018 18:45:25	summary операции импорта была сохранена по следующему пути: E:\Witcher\witchfunc\witchfunc\Журналы импорта схем\witchfunc_20181207034515.log
07.12.2018 18:45:25	Для продолжения нажмите кнопку ''Готово''...
